time="2021-07-15T13:25:56Z" level=info msg="Starting nvidia-toolkit"
time="2021-07-15T13:25:56Z" level=info msg="Parsing arguments"
time="2021-07-15T13:25:56Z" level=info msg="Verifying Flags"
time="2021-07-15T13:25:56Z" level=info msg=Initializing
time="2021-07-15T13:25:56Z" level=info msg="Installing toolkit"
time="2021-07-15T13:25:56Z" level=info msg="Parsing arguments: [/usr/local/nvidia/toolkit]"
time="2021-07-15T13:25:56Z" level=info msg="Successfully parsed arguments"
time="2021-07-15T13:25:56Z" level=info msg="Installing NVIDIA container toolkit to '/usr/local/nvidia/toolkit'"
time="2021-07-15T13:25:56Z" level=info msg="Removing existing NVIDIA container toolkit installation"
time="2021-07-15T13:25:56Z" level=info msg="Creating directory '/usr/local/nvidia/toolkit'"
time="2021-07-15T13:25:56Z" level=info msg="Creating directory '/usr/local/nvidia/toolkit/.config/nvidia-container-runtime'"
time="2021-07-15T13:25:56Z" level=info msg="Installing NVIDIA container library to '/usr/local/nvidia/toolkit'"
time="2021-07-15T13:25:56Z" level=info msg="Checking library candidate '/usr/lib64/libnvidia-container.so.1'"
time="2021-07-15T13:25:56Z" level=info msg="Skipping library candidate '/usr/lib64/libnvidia-container.so.1': error resolving link '/usr/lib64/libnvidia-container.so.1': lstat /usr/lib64: no such file or directory"
time="2021-07-15T13:25:56Z" level=info msg="Checking library candidate '/usr/lib/x86_64-linux-gnu/libnvidia-container.so.1'"
time="2021-07-15T13:25:56Z" level=info msg="Resolved link: '/usr/lib/x86_64-linux-gnu/libnvidia-container.so.1' => '/usr/lib/x86_64-linux-gnu/libnvidia-container.so.1.4.0'"
time="2021-07-15T13:25:56Z" level=info msg="Installing '/usr/lib/x86_64-linux-gnu/libnvidia-container.so.1.4.0' to '/usr/local/nvidia/toolkit/libnvidia-container.so.1.4.0'"
time="2021-07-15T13:25:56Z" level=info msg="Installed '/usr/lib/x86_64-linux-gnu/libnvidia-container.so.1' to '/usr/local/nvidia/toolkit/libnvidia-container.so.1.4.0'"
time="2021-07-15T13:25:56Z" level=info msg="Creating symlink '/usr/local/nvidia/toolkit/libnvidia-container.so.1' -> 'libnvidia-container.so.1.4.0'"
time="2021-07-15T13:25:56Z" level=info msg="Installing NVIDIA container runtime from '/usr/bin/nvidia-container-runtime'"
time="2021-07-15T13:25:56Z" level=info msg="Installing executable '/usr/bin/nvidia-container-runtime'"
time="2021-07-15T13:25:56Z" level=info msg="Installing '/usr/bin/nvidia-container-runtime' to '/usr/local/nvidia/toolkit/nvidia-container-runtime.real'"
time="2021-07-15T13:25:56Z" level=info msg="Created '/usr/local/nvidia/toolkit/nvidia-container-runtime.real'"
time="2021-07-15T13:25:56Z" level=info msg="Created wrapper '/usr/local/nvidia/toolkit/nvidia-container-runtime'"
time="2021-07-15T13:25:56Z" level=info msg="Installing NVIDIA container CLI from '/usr/bin/nvidia-container-cli'"
time="2021-07-15T13:25:56Z" level=info msg="Installing executable '/usr/bin/nvidia-container-cli'"
time="2021-07-15T13:25:56Z" level=info msg="Installing '/usr/bin/nvidia-container-cli' to '/usr/local/nvidia/toolkit/nvidia-container-cli.real'"
time="2021-07-15T13:25:56Z" level=info msg="Created '/usr/local/nvidia/toolkit/nvidia-container-cli.real'"
time="2021-07-15T13:25:56Z" level=info msg="Created wrapper '/usr/local/nvidia/toolkit/nvidia-container-cli'"
time="2021-07-15T13:25:56Z" level=info msg="Installing NVIDIA container runtime hook from '/usr/bin/nvidia-container-toolkit'"
time="2021-07-15T13:25:56Z" level=info msg="Installing executable '/usr/bin/nvidia-container-toolkit'"
time="2021-07-15T13:25:56Z" level=info msg="Installing '/usr/bin/nvidia-container-toolkit' to '/usr/local/nvidia/toolkit/nvidia-container-toolkit.real'"
time="2021-07-15T13:25:56Z" level=info msg="Created '/usr/local/nvidia/toolkit/nvidia-container-toolkit.real'"
time="2021-07-15T13:25:56Z" level=info msg="Created wrapper '/usr/local/nvidia/toolkit/nvidia-container-toolkit'"
time="2021-07-15T13:25:56Z" level=info msg="Creating symlink '/usr/local/nvidia/toolkit/nvidia-container-runtime-hook' -> 'nvidia-container-toolkit'"
time="2021-07-15T13:25:56Z" level=info msg="Installing NVIDIA container toolkit config '/usr/local/nvidia/toolkit/.config/nvidia-container-runtime/config.toml'"
time="2021-07-15T13:25:56Z" level=info msg="Setting up runtime"
time="2021-07-15T13:25:56Z" level=info msg="Starting 'setup' for containerd"
time="2021-07-15T13:25:56Z" level=info msg="Parsing arguments: [/usr/local/nvidia/toolkit]"
time="2021-07-15T13:25:56Z" level=info msg="Successfully parsed arguments"
time="2021-07-15T13:25:56Z" level=info msg="Loading config: /runtime/config-dir/containerd-template.toml"
time="2021-07-15T13:25:56Z" level=info msg="Successfully loaded config"
time="2021-07-15T13:25:56Z" level=info msg="Containerd version is v1.5.2"
time="2021-07-15T13:25:56Z" level=info msg="Config version: 2"
time="2021-07-15T13:25:56Z" level=info msg="Updating config"
time="2021-07-15T13:25:56Z" level=info msg="Successfully updated config"
time="2021-07-15T13:25:56Z" level=info msg="Flushing config"
time="2021-07-15T13:25:56Z" level=info msg="Successfully flushed config"
time="2021-07-15T13:25:56Z" level=info msg="Sending SIGHUP signal to containerd"
time="2021-07-15T13:25:56Z" level=info msg="Successfully signaled containerd"
time="2021-07-15T13:25:56Z" level=info msg="Completed 'setup' for containerd"
time="2021-07-15T13:25:56Z" level=info msg="Waiting for signal"