Creating directory NVIDIA-Linux-x86_64-460.73.01
Verifying archive integrity... OK
Uncompressing NVIDIA Accelerated Graphics Driver for Linux-x86_64 460.73.01...............................................................................................................................................................................................................................................................................................................................................................................................................................................................................................................................................................................

WARNING: Unable to determine the default X library path. The path /tmp/null/lib will be used, but this path was not detected in the ldconfig(8) cache, and no directory exists at this path, so it is likely that libraries installed there will not be found by the loader.


WARNING: You specified the '--no-kernel-module' command line option, nvidia-installer will not install a kernel module as part of this driver installation, and it will not remove existing NVIDIA kernel modules not part of an earlier NVIDIA driver installation.  Please ensure that an NVIDIA kernel module matching this driver version is installed separately.


========== NVIDIA Software Installer ==========

Starting installation of NVIDIA driver version 460.73.01 for Linux kernel version 5.8.0-59-generic

Stopping NVIDIA persistence daemon...
Unloading NVIDIA driver kernel modules...
Unmounting NVIDIA driver rootfs...
Checking NVIDIA driver packages...
Updating the package cache...
Resolving Linux kernel version...
Proceeding with Linux kernel version 5.8.0-59-generic
Installing Linux kernel headers...
Installing Linux kernel module files...
Generating Linux kernel version string...
Compiling NVIDIA driver kernel modules...
scripts/Makefile.lib:8: 'always' is deprecated. Please use 'always-y' instead
/usr/src/nvidia-460.73.01/kernel/nvidia-drm/nvidia-drm-modeset.c: In function '__will_generate_flip_event':
/usr/src/nvidia-460.73.01/kernel/nvidia-drm/nvidia-drm-modeset.c:96:23: warning: unused variable 'primary_plane' [-Wunused-variable]
   96 |     struct drm_plane *primary_plane = crtc->primary;
      |                       ^~~~~~~~~~~~~
Relinking NVIDIA driver kernel modules...
Building NVIDIA driver package nvidia-modules-5.8.0-59...
Installing NVIDIA driver kernel modules...

WARNING: The nvidia-drm module will not be installed. As a result, DRM-KMS will not function with this installation of the NVIDIA driver.


ERROR: Unable to open 'kernel/dkms.conf' for copying (No such file or directory)


Welcome to the NVIDIA Software Installer for Unix/Linux

Detected 24 CPUs online; setting concurrency level to 24.
Installing NVIDIA driver version 460.73.01.
Performing CC sanity check with CC="/usr/bin/cc".
Performing CC check.
Kernel source path: '/lib/modules/5.8.0-59-generic/build'

Kernel output path: '/lib/modules/5.8.0-59-generic/build'

Performing Compiler check.
Performing Dom0 check.
Performing Xen check.
Performing PREEMPT_RT check.
Performing vgpu_kvm check.
Cleaning kernel module build directory.
Building kernel modules
  : [                              ]   0%
Kernel module compilation complete.
Kernel messages:
[ 3163.185283] IPv6: ADDRCONF(NETDEV_CHANGE): eth0: link becomes ready
[ 3163.185326] IPv6: ADDRCONF(NETDEV_CHANGE): cali79bef6562d5: link becomes ready
[21924.587079] IPv6: ADDRCONF(NETDEV_CHANGE): eth0: link becomes ready
[21924.587122] IPv6: ADDRCONF(NETDEV_CHANGE): cali4b1be71e638: link becomes ready
[22308.153777] IPv6: ADDRCONF(NETDEV_CHANGE): eth0: link becomes ready
[22308.153819] IPv6: ADDRCONF(NETDEV_CHANGE): cali1ccd085bf53: link becomes ready
[23820.605975] IPv6: ADDRCONF(NETDEV_CHANGE): calif0c4c0f8612: link becomes ready
[23820.606185] IPv6: ADDRCONF(NETDEV_CHANGE): eth0: link becomes ready
[23820.607050] IPv6: ADDRCONF(NETDEV_CHANGE): calicf323a5bffb: link becomes ready
[23820.650942] IPv6: ADDRCONF(NETDEV_CHANGE): calic24f2825b2c: link becomes ready
[23858.306408] IPv6: ADDRCONF(NETDEV_CHANGE): eth0: link becomes ready
[23858.306441] IPv6: ADDRCONF(NETDEV_CHANGE): cali578fd19c89f: link becomes ready
[23858.741199] IPv6: ADDRCONF(NETDEV_CHANGE): calib7c09f9d3b5: link becomes ready
[23972.584150] nvidia: loading out-of-tree module taints kernel.
[23972.584157] nvidia: module license 'NVIDIA' taints kernel.
[23972.584157] Disabling lock debugging due to kernel taint
[23972.595101] nvidia: module verification failed: signature and/or required key missing - tainting kernel
[23972.606537] nvidia-nvlink: Nvlink Core is being initialized, major device number 509
[23972.607020] nvidia 0000:09:00.0: vgaarb: changed VGA decodes: olddecodes=io+mem,decodes=none:owns=io+mem
[23972.648957] NVRM: loading NVIDIA UNIX x86_64 Kernel Module  460.73.01  Thu Apr  1 21:40:36 UTC 2021
[23972.656654] nvidia-uvm: Loaded the UVM driver, major device number 507.
[23972.659227] nvidia-modeset: Loading NVIDIA Kernel Mode Setting Driver for UNIX platforms  460.73.01  Thu Apr  1 21:32:31 UTC 2021
[23972.661182] nvidia-modeset: Unloading
[23972.757107] nvidia-uvm: Unloaded the UVM driver.
[23972.783196] nvidia-nvlink: Unregistered the Nvlink Core, major device number 509
Installing 'NVIDIA Accelerated Graphics Driver for Linux-x86_64' (460.73.01):
  Installing: [                              ]   0%
Driver file installation is complete.
Running post-install sanity check:
  Checking: [                              ]   0%
Post-install sanity check passed.
Running runtime sanity check:
  Checking: [                              ]   0%
  Checking: [##############################] 100%
Runtime sanity check passed.

Installation of the kernel module for the NVIDIA Accelerated Graphics Driver for Linux-x86_64 (version 460.73.01) is now complete.

Loading ipmi and i2c_core kernel modules...
Loading NVIDIA driver kernel modules...
Starting NVIDIA persistence daemon...
Mounting NVIDIA driver rootfs...
Done, now waiting for signal